0 info it worked if it ends with ok
1 verbose cli [ 'node',
1 verbose cli   '/Users/richard/.nvm/versions/node/v0.12.0/bin/npm',
1 verbose cli   'version',
1 verbose cli   'patch' ]
2 info using npm@3.3.9
3 info using node@v0.12.0
4 info git [ 'status', '--porcelain' ]
5 verbose stack Error: Git working directory not clean.
5 verbose stack M index.js
5 verbose stack M test.js
5 verbose stack     at /Users/richard/.nvm/versions/node/v0.12.0/lib/node_modules/npm/lib/version.js:172:21
5 verbose stack     at ChildProcess.exithandler (child_process.js:735:7)
5 verbose stack     at ChildProcess.emit (events.js:110:17)
5 verbose stack     at maybeClose (child_process.js:1008:16)
5 verbose stack     at Socket.<anonymous> (child_process.js:1176:11)
5 verbose stack     at Socket.emit (events.js:107:17)
5 verbose stack     at Pipe.close (net.js:476:12)
6 verbose cwd /Users/richard/src/sandbox/timestamp
7 error Darwin 14.5.0
8 error argv "node" "/Users/richard/.nvm/versions/node/v0.12.0/bin/npm" "version" "patch"
9 error node v0.12.0
10 error npm  v3.3.9
11 error Git working directory not clean.
11 error M index.js
11 error M test.js
12 error If you need help, you may report this error at:
12 error     <https://github.com/npm/npm/issues>
13 verbose exit [ 1, true ]
